<?xml version="1.0" encoding="UTF-8"?>
<!-- Generated by org.testng.reporters.JUnitXMLReporter -->
<testsuite hostname="DESKTOP-TMMMP52" ignored="0" name="Default test" tests="2" failures="0" timestamp="02 Aug 2019 21:28:09 GMT" time="22.278" errors="0">
  <testcase name="invalidLogin" time="11.051" classname="SeleniumInstallation.SeleniumInstallation.seleniumDemoExample"/>
  <testcase name="validCredentials" time="11.211" classname="SeleniumInstallation.SeleniumInstallation.seleniumDemoExample"/>
</testsuite> <!-- Default test -->
